[0.515s] Invoking command in '/home/hle/Desktop/compsci/ros/ir_sensor/build/ir_sensor_pkg': PYTHONPATH=/home/hle/Desktop/compsci/ros/ir_sensor/install/ir_sensor_pkg/lib/python3.8/site-packages:${PYTHONPATH} /usr/bin/python3 setup.py develop --prefix /home/hle/Desktop/compsci/ros/ir_sensor/install/ir_sensor_pkg --uninstall --editable --build-directory /home/hle/Desktop/compsci/ros/ir_sensor/build/ir_sensor_pkg/build
[0.748s] running develop
[0.876s] Invoked command in '/home/hle/Desktop/compsci/ros/ir_sensor/build/ir_sensor_pkg' returned '0': PYTHONPATH=/home/hle/Desktop/compsci/ros/ir_sensor/install/ir_sensor_pkg/lib/python3.8/site-packages:${PYTHONPATH} /usr/bin/python3 setup.py develop --prefix /home/hle/Desktop/compsci/ros/ir_sensor/install/ir_sensor_pkg --uninstall --editable --build-directory /home/hle/Desktop/compsci/ros/ir_sensor/build/ir_sensor_pkg/build
[0.877s] Invoking command in '/home/hle/Desktop/compsci/ros/ir_sensor/src/ir_sensor_pkg': PYTHONPATH=/home/hle/Desktop/compsci/ros/ir_sensor/install/ir_sensor_pkg/lib/python3.8/site-packages:${PYTHONPATH} /usr/bin/python3 setup.py egg_info --egg-base ../../build/ir_sensor_pkg build --build-base /home/hle/Desktop/compsci/ros/ir_sensor/build/ir_sensor_pkg/build install --prefix /home/hle/Desktop/compsci/ros/ir_sensor/install/ir_sensor_pkg --record /home/hle/Desktop/compsci/ros/ir_sensor/build/ir_sensor_pkg/install.log --single-version-externally-managed
[1.058s] running egg_info
[1.059s] writing ../../build/ir_sensor_pkg/ir_sensor_pkg.egg-info/PKG-INFO
[1.059s] writing dependency_links to ../../build/ir_sensor_pkg/ir_sensor_pkg.egg-info/dependency_links.txt
[1.059s] writing entry points to ../../build/ir_sensor_pkg/ir_sensor_pkg.egg-info/entry_points.txt
[1.060s] writing requirements to ../../build/ir_sensor_pkg/ir_sensor_pkg.egg-info/requires.txt
[1.060s] writing top-level names to ../../build/ir_sensor_pkg/ir_sensor_pkg.egg-info/top_level.txt
[1.087s] reading manifest file '../../build/ir_sensor_pkg/ir_sensor_pkg.egg-info/SOURCES.txt'
[1.087s] writing manifest file '../../build/ir_sensor_pkg/ir_sensor_pkg.egg-info/SOURCES.txt'
[1.088s] running build
[1.088s] running build_py
[1.088s] copying ir_sensor_pkg/ir_dist_listener.py -> /home/hle/Desktop/compsci/ros/ir_sensor/build/ir_sensor_pkg/build/lib/ir_sensor_pkg
[1.088s] copying ir_sensor_pkg/ir_dist_publisher.py -> /home/hle/Desktop/compsci/ros/ir_sensor/build/ir_sensor_pkg/build/lib/ir_sensor_pkg
[1.088s] running install
[1.089s] running install_lib
[1.090s] copying /home/hle/Desktop/compsci/ros/ir_sensor/build/ir_sensor_pkg/build/lib/ir_sensor_pkg/ir_dist_listener.py -> /home/hle/Desktop/compsci/ros/ir_sensor/install/ir_sensor_pkg/lib/python3.8/site-packages/ir_sensor_pkg
[1.090s] copying /home/hle/Desktop/compsci/ros/ir_sensor/build/ir_sensor_pkg/build/lib/ir_sensor_pkg/ir_dist_publisher.py -> /home/hle/Desktop/compsci/ros/ir_sensor/install/ir_sensor_pkg/lib/python3.8/site-packages/ir_sensor_pkg
[1.090s] byte-compiling /home/hle/Desktop/compsci/ros/ir_sensor/install/ir_sensor_pkg/lib/python3.8/site-packages/ir_sensor_pkg/ir_dist_listener.py to ir_dist_listener.cpython-38.pyc
[1.092s] byte-compiling /home/hle/Desktop/compsci/ros/ir_sensor/install/ir_sensor_pkg/lib/python3.8/site-packages/ir_sensor_pkg/ir_dist_publisher.py to ir_dist_publisher.cpython-38.pyc
[1.092s] running install_data
[1.093s] copying package.xml -> /home/hle/Desktop/compsci/ros/ir_sensor/install/ir_sensor_pkg/share/ir_sensor_pkg
[1.093s] running install_egg_info
[1.094s] removing '/home/hle/Desktop/compsci/ros/ir_sensor/install/ir_sensor_pkg/lib/python3.8/site-packages/ir_sensor_pkg-0.0.0-py3.8.egg-info' (and everything under it)
[1.094s] Copying ../../build/ir_sensor_pkg/ir_sensor_pkg.egg-info to /home/hle/Desktop/compsci/ros/ir_sensor/install/ir_sensor_pkg/lib/python3.8/site-packages/ir_sensor_pkg-0.0.0-py3.8.egg-info
[1.095s] running install_scripts
[1.108s] Installing ir_dist_listener script to /home/hle/Desktop/compsci/ros/ir_sensor/install/ir_sensor_pkg/lib/ir_sensor_pkg
[1.108s] Installing ir_dist_publisher script to /home/hle/Desktop/compsci/ros/ir_sensor/install/ir_sensor_pkg/lib/ir_sensor_pkg
[1.109s] writing list of installed files to '/home/hle/Desktop/compsci/ros/ir_sensor/build/ir_sensor_pkg/install.log'
[1.132s] Invoked command in '/home/hle/Desktop/compsci/ros/ir_sensor/src/ir_sensor_pkg' returned '0': PYTHONPATH=/home/hle/Desktop/compsci/ros/ir_sensor/install/ir_sensor_pkg/lib/python3.8/site-packages:${PYTHONPATH} /usr/bin/python3 setup.py egg_info --egg-base ../../build/ir_sensor_pkg build --build-base /home/hle/Desktop/compsci/ros/ir_sensor/build/ir_sensor_pkg/build install --prefix /home/hle/Desktop/compsci/ros/ir_sensor/install/ir_sensor_pkg --record /home/hle/Desktop/compsci/ros/ir_sensor/build/ir_sensor_pkg/install.log --single-version-externally-managed
