running egg_info
creating ../../build/ir_sensor_pkg/ir_sensor_pkg.egg-info
writing ../../build/ir_sensor_pkg/ir_sensor_pkg.egg-info/PKG-INFO
writing dependency_links to ../../build/ir_sensor_pkg/ir_sensor_pkg.egg-info/dependency_links.txt
writing entry points to ../../build/ir_sensor_pkg/ir_sensor_pkg.egg-info/entry_points.txt
writing requirements to ../../build/ir_sensor_pkg/ir_sensor_pkg.egg-info/requires.txt
writing top-level names to ../../build/ir_sensor_pkg/ir_sensor_pkg.egg-info/top_level.txt
writing manifest file '../../build/ir_sensor_pkg/ir_sensor_pkg.egg-info/SOURCES.txt'
reading manifest file '../../build/ir_sensor_pkg/ir_sensor_pkg.egg-info/SOURCES.txt'
writing manifest file '../../build/ir_sensor_pkg/ir_sensor_pkg.egg-info/SOURCES.txt'
running build
running build_py
creating /home/hle/Desktop/compsci/ros/ir_sensor/build/ir_sensor_pkg/build
creating /home/hle/Desktop/compsci/ros/ir_sensor/build/ir_sensor_pkg/build/lib
creating /home/hle/Desktop/compsci/ros/ir_sensor/build/ir_sensor_pkg/build/lib/ir_sensor_pkg
copying ir_sensor_pkg/__init__.py -> /home/hle/Desktop/compsci/ros/ir_sensor/build/ir_sensor_pkg/build/lib/ir_sensor_pkg
copying ir_sensor_pkg/ir_dist_publisher.py -> /home/hle/Desktop/compsci/ros/ir_sensor/build/ir_sensor_pkg/build/lib/ir_sensor_pkg
running install
running install_lib
creating /home/hle/Desktop/compsci/ros/ir_sensor/install/ir_sensor_pkg/lib/python3.8/site-packages/ir_sensor_pkg
copying /home/hle/Desktop/compsci/ros/ir_sensor/build/ir_sensor_pkg/build/lib/ir_sensor_pkg/__init__.py -> /home/hle/Desktop/compsci/ros/ir_sensor/install/ir_sensor_pkg/lib/python3.8/site-packages/ir_sensor_pkg
copying /home/hle/Desktop/compsci/ros/ir_sensor/build/ir_sensor_pkg/build/lib/ir_sensor_pkg/ir_dist_publisher.py -> /home/hle/Desktop/compsci/ros/ir_sensor/install/ir_sensor_pkg/lib/python3.8/site-packages/ir_sensor_pkg
byte-compiling /home/hle/Desktop/compsci/ros/ir_sensor/install/ir_sensor_pkg/lib/python3.8/site-packages/ir_sensor_pkg/__init__.py to __init__.cpython-38.pyc
byte-compiling /home/hle/Desktop/compsci/ros/ir_sensor/install/ir_sensor_pkg/lib/python3.8/site-packages/ir_sensor_pkg/ir_dist_publisher.py to ir_dist_publisher.cpython-38.pyc
running install_data
creating /home/hle/Desktop/compsci/ros/ir_sensor/install/ir_sensor_pkg/share/ament_index
creating /home/hle/Desktop/compsci/ros/ir_sensor/install/ir_sensor_pkg/share/ament_index/resource_index
creating /home/hle/Desktop/compsci/ros/ir_sensor/install/ir_sensor_pkg/share/ament_index/resource_index/packages
copying resource/ir_sensor_pkg -> /home/hle/Desktop/compsci/ros/ir_sensor/install/ir_sensor_pkg/share/ament_index/resource_index/packages
copying package.xml -> /home/hle/Desktop/compsci/ros/ir_sensor/install/ir_sensor_pkg/share/ir_sensor_pkg
running install_egg_info
Copying ../../build/ir_sensor_pkg/ir_sensor_pkg.egg-info to /home/hle/Desktop/compsci/ros/ir_sensor/install/ir_sensor_pkg/lib/python3.8/site-packages/ir_sensor_pkg-0.0.0-py3.8.egg-info
running install_scripts
writing list of installed files to '/home/hle/Desktop/compsci/ros/ir_sensor/build/ir_sensor_pkg/install.log'
