running develop
Removing /home/hle/Desktop/compsci/ros/ir_sensor/install/ir_sensor_pkg/lib/python3.8/site-packages/ir-sensor-pkg.egg-link (link to .)
running egg_info
writing ../../build/ir_sensor_pkg/ir_sensor_pkg.egg-info/PKG-INFO
writing dependency_links to ../../build/ir_sensor_pkg/ir_sensor_pkg.egg-info/dependency_links.txt
writing entry points to ../../build/ir_sensor_pkg/ir_sensor_pkg.egg-info/entry_points.txt
writing requirements to ../../build/ir_sensor_pkg/ir_sensor_pkg.egg-info/requires.txt
writing top-level names to ../../build/ir_sensor_pkg/ir_sensor_pkg.egg-info/top_level.txt
reading manifest file '../../build/ir_sensor_pkg/ir_sensor_pkg.egg-info/SOURCES.txt'
writing manifest file '../../build/ir_sensor_pkg/ir_sensor_pkg.egg-info/SOURCES.txt'
running build
running build_py
copying ir_sensor_pkg/ir_dist_publisher.py -> /home/hle/Desktop/compsci/ros/ir_sensor/build/ir_sensor_pkg/build/lib/ir_sensor_pkg
running install
running install_lib
creating /home/hle/Desktop/compsci/ros/ir_sensor/install/ir_sensor_pkg/lib/python3.8/site-packages/ir_sensor_pkg
copying /home/hle/Desktop/compsci/ros/ir_sensor/build/ir_sensor_pkg/build/lib/ir_sensor_pkg/__init__.py -> /home/hle/Desktop/compsci/ros/ir_sensor/install/ir_sensor_pkg/lib/python3.8/site-packages/ir_sensor_pkg
copying /home/hle/Desktop/compsci/ros/ir_sensor/build/ir_sensor_pkg/build/lib/ir_sensor_pkg/ir_dist_publisher.py -> /home/hle/Desktop/compsci/ros/ir_sensor/install/ir_sensor_pkg/lib/python3.8/site-packages/ir_sensor_pkg
byte-compiling /home/hle/Desktop/compsci/ros/ir_sensor/install/ir_sensor_pkg/lib/python3.8/site-packages/ir_sensor_pkg/__init__.py to __init__.cpython-38.pyc
byte-compiling /home/hle/Desktop/compsci/ros/ir_sensor/install/ir_sensor_pkg/lib/python3.8/site-packages/ir_sensor_pkg/ir_dist_publisher.py to ir_dist_publisher.cpython-38.pyc
running install_data
running install_egg_info
Copying ../../build/ir_sensor_pkg/ir_sensor_pkg.egg-info to /home/hle/Desktop/compsci/ros/ir_sensor/install/ir_sensor_pkg/lib/python3.8/site-packages/ir_sensor_pkg-0.0.0-py3.8.egg-info
running install_scripts
Installing ir_dist_publisher script to /home/hle/Desktop/compsci/ros/ir_sensor/install/ir_sensor_pkg/lib/ir_sensor_pkg
writing list of installed files to '/home/hle/Desktop/compsci/ros/ir_sensor/build/ir_sensor_pkg/install.log'
